{"/home/prmzk/Documents/Hacktiv/Phase_3/final_project/server/app.js": {"path":"/home/prmzk/Documents/Hacktiv/Phase_3/final_project/server/app.js","statementMap":{"0":{"start":{"line":1,"column":16},"end":{"line":1,"column":34}},"1":{"start":{"line":2,"column":12},"end":{"line":2,"column":21}},"2":{"start":{"line":4,"column":15},"end":{"line":4,"column":34}},"3":{"start":{"line":5,"column":13},"end":{"line":5,"column":28}},"4":{"start":{"line":7,"column":21},"end":{"line":7,"column":57}},"5":{"start":{"line":9,"column":0},"end":{"line":9,"column":16}},"6":{"start":{"line":10,"column":0},"end":{"line":10,"column":49}},"7":{"start":{"line":11,"column":0},"end":{"line":11,"column":24}},"8":{"start":{"line":12,"column":0},"end":{"line":12,"column":16}},"9":{"start":{"line":13,"column":0},"end":{"line":13,"column":21}},"10":{"start":{"line":15,"column":0},"end":{"line":15,"column":21}}},"fnMap":{},"branchMap":{},"s":{"0":3,"1":3,"2":3,"3":3,"4":3,"5":3,"6":3,"7":3,"8":3,"9":3,"10":3},"f":{},"b":{},"_coverageSchema":"1a1c01bbd47fc00a2c39e90264f33305004495a9","hash":"ff4678452dd85e4042410ffbbf674b2505330415"}
,"/home/prmzk/Documents/Hacktiv/Phase_3/final_project/server/config/config.js": {"path":"/home/prmzk/Documents/Hacktiv/Phase_3/final_project/server/config/config.js","statementMap":{"0":{"start":{"line":1,"column":12},"end":{"line":1,"column":49}},"1":{"start":{"line":3,"column":0},"end":{"line":9,"column":1}},"2":{"start":{"line":5,"column":4},"end":{"line":5,"column":61}},"3":{"start":{"line":6,"column":6},"end":{"line":6,"column":11}},"4":{"start":{"line":8,"column":4},"end":{"line":8,"column":66}},"5":{"start":{"line":11,"column":0},"end":{"line":18,"column":1}}},"fnMap":{},"branchMap":{"0":{"loc":{"start":{"line":1,"column":12},"end":{"line":1,"column":49}},"type":"binary-expr","locations":[{"start":{"line":1,"column":12},"end":{"line":1,"column":32}},{"start":{"line":1,"column":36},"end":{"line":1,"column":49}}],"line":1},"1":{"loc":{"start":{"line":3,"column":0},"end":{"line":9,"column":1}},"type":"switch","locations":[{"start":{"line":4,"column":2},"end":{"line":6,"column":11}},{"start":{"line":7,"column":2},"end":{"line":8,"column":66}}],"line":3}},"s":{"0":3,"1":3,"2":0,"3":0,"4":3,"5":3},"f":{},"b":{"0":[3,0],"1":[0,3]},"_coverageSchema":"1a1c01bbd47fc00a2c39e90264f33305004495a9","hash":"99928bc28b92d60640d91ac9d1cd7c083cb8b583"}
,"/home/prmzk/Documents/Hacktiv/Phase_3/final_project/server/controllers/petController.js": {"path":"/home/prmzk/Documents/Hacktiv/Phase_3/final_project/server/controllers/petController.js","statementMap":{"0":{"start":{"line":1,"column":22},"end":{"line":1,"column":42}},"1":{"start":{"line":2,"column":20},"end":{"line":2,"column":53}},"2":{"start":{"line":3,"column":17},"end":{"line":3,"column":33}},"3":{"start":{"line":4,"column":20},"end":{"line":4,"column":53}},"4":{"start":{"line":8,"column":4},"end":{"line":17,"column":20}},"5":{"start":{"line":16,"column":8},"end":{"line":16,"column":46}},"6":{"start":{"line":21,"column":4},"end":{"line":40,"column":9}},"7":{"start":{"line":32,"column":8},"end":{"line":36,"column":9}},"8":{"start":{"line":33,"column":10},"end":{"line":33,"column":48}},"9":{"start":{"line":35,"column":10},"end":{"line":35,"column":54}},"10":{"start":{"line":38,"column":8},"end":{"line":38,"column":25}},"11":{"start":{"line":39,"column":8},"end":{"line":39,"column":18}},"12":{"start":{"line":44,"column":28},"end":{"line":44,"column":36}},"13":{"start":{"line":46,"column":22},"end":{"line":46,"column":54}},"14":{"start":{"line":47,"column":22},"end":{"line":54,"column":5}},"15":{"start":{"line":56,"column":4},"end":{"line":69,"column":9}},"16":{"start":{"line":64,"column":8},"end":{"line":64,"column":46}},"17":{"start":{"line":67,"column":8},"end":{"line":67,"column":25}},"18":{"start":{"line":68,"column":8},"end":{"line":68,"column":18}},"19":{"start":{"line":73,"column":28},"end":{"line":73,"column":36}},"20":{"start":{"line":74,"column":20},"end":{"line":74,"column":52}},"21":{"start":{"line":75,"column":17},"end":{"line":82,"column":5}},"22":{"start":{"line":83,"column":4},"end":{"line":101,"column":5}},"23":{"start":{"line":84,"column":6},"end":{"line":100,"column":11}},"24":{"start":{"line":96,"column":10},"end":{"line":96,"column":54}},"25":{"start":{"line":98,"column":10},"end":{"line":98,"column":27}},"26":{"start":{"line":99,"column":10},"end":{"line":99,"column":20}},"27":{"start":{"line":105,"column":26},"end":{"line":105,"column":36}},"28":{"start":{"line":106,"column":15},"end":{"line":108,"column":5}},"29":{"start":{"line":109,"column":4},"end":{"line":117,"column":20}},"30":{"start":{"line":116,"column":8},"end":{"line":116,"column":52}},"31":{"start":{"line":122,"column":4},"end":{"line":141,"column":20}},"32":{"start":{"line":128,"column":8},"end":{"line":128,"column":29}},"33":{"start":{"line":129,"column":8},"end":{"line":137,"column":9}},"34":{"start":{"line":130,"column":10},"end":{"line":134,"column":12}},"35":{"start":{"line":136,"column":10},"end":{"line":136,"column":46}},"36":{"start":{"line":140,"column":8},"end":{"line":140,"column":51}},"37":{"start":{"line":145,"column":0},"end":{"line":145,"column":28}}},"fnMap":{"0":{"name":"(anonymous_0)","decl":{"start":{"line":7,"column":2},"end":{"line":7,"column":3}},"loc":{"start":{"line":7,"column":29},"end":{"line":18,"column":3}},"line":7},"1":{"name":"(anonymous_1)","decl":{"start":{"line":15,"column":12},"end":{"line":15,"column":13}},"loc":{"start":{"line":15,"column":24},"end":{"line":17,"column":7}},"line":15},"2":{"name":"(anonymous_2)","decl":{"start":{"line":20,"column":2},"end":{"line":20,"column":3}},"loc":{"start":{"line":20,"column":33},"end":{"line":41,"column":3}},"line":20},"3":{"name":"(anonymous_3)","decl":{"start":{"line":31,"column":12},"end":{"line":31,"column":13}},"loc":{"start":{"line":31,"column":24},"end":{"line":37,"column":7}},"line":31},"4":{"name":"(anonymous_4)","decl":{"start":{"line":37,"column":15},"end":{"line":37,"column":16}},"loc":{"start":{"line":37,"column":24},"end":{"line":40,"column":7}},"line":37},"5":{"name":"(anonymous_5)","decl":{"start":{"line":43,"column":2},"end":{"line":43,"column":3}},"loc":{"start":{"line":43,"column":32},"end":{"line":70,"column":3}},"line":43},"6":{"name":"(anonymous_6)","decl":{"start":{"line":63,"column":12},"end":{"line":63,"column":13}},"loc":{"start":{"line":63,"column":24},"end":{"line":65,"column":7}},"line":63},"7":{"name":"(anonymous_7)","decl":{"start":{"line":66,"column":13},"end":{"line":66,"column":14}},"loc":{"start":{"line":66,"column":22},"end":{"line":69,"column":7}},"line":66},"8":{"name":"(anonymous_8)","decl":{"start":{"line":72,"column":2},"end":{"line":72,"column":3}},"loc":{"start":{"line":72,"column":32},"end":{"line":102,"column":3}},"line":72},"9":{"name":"(anonymous_9)","decl":{"start":{"line":95,"column":14},"end":{"line":95,"column":15}},"loc":{"start":{"line":95,"column":26},"end":{"line":97,"column":9}},"line":95},"10":{"name":"(anonymous_10)","decl":{"start":{"line":97,"column":17},"end":{"line":97,"column":18}},"loc":{"start":{"line":97,"column":26},"end":{"line":100,"column":9}},"line":97},"11":{"name":"(anonymous_11)","decl":{"start":{"line":104,"column":2},"end":{"line":104,"column":3}},"loc":{"start":{"line":104,"column":39},"end":{"line":118,"column":3}},"line":104},"12":{"name":"(anonymous_12)","decl":{"start":{"line":115,"column":12},"end":{"line":115,"column":13}},"loc":{"start":{"line":115,"column":24},"end":{"line":117,"column":7}},"line":115},"13":{"name":"(anonymous_13)","decl":{"start":{"line":120,"column":2},"end":{"line":120,"column":3}},"loc":{"start":{"line":120,"column":32},"end":{"line":142,"column":3}},"line":120},"14":{"name":"(anonymous_14)","decl":{"start":{"line":127,"column":12},"end":{"line":127,"column":13}},"loc":{"start":{"line":127,"column":24},"end":{"line":138,"column":7}},"line":127},"15":{"name":"(anonymous_15)","decl":{"start":{"line":139,"column":12},"end":{"line":139,"column":13}},"loc":{"start":{"line":139,"column":24},"end":{"line":141,"column":7}},"line":139}},"branchMap":{"0":{"loc":{"start":{"line":32,"column":8},"end":{"line":36,"column":9}},"type":"if","locations":[{"start":{"line":32,"column":8},"end":{"line":36,"column":9}},{"start":{"line":32,"column":8},"end":{"line":36,"column":9}}],"line":32},"1":{"loc":{"start":{"line":83,"column":4},"end":{"line":101,"column":5}},"type":"if","locations":[{"start":{"line":83,"column":4},"end":{"line":101,"column":5}},{"start":{"line":83,"column":4},"end":{"line":101,"column":5}}],"line":83},"2":{"loc":{"start":{"line":129,"column":8},"end":{"line":137,"column":9}},"type":"if","locations":[{"start":{"line":129,"column":8},"end":{"line":137,"column":9}},{"start":{"line":129,"column":8},"end":{"line":137,"column":9}}],"line":129}},"s":{"0":3,"1":3,"2":3,"3":3,"4":1,"5":1,"6":2,"7":2,"8":1,"9":1,"10":1,"11":1,"12":2,"13":2,"14":2,"15":2,"16":1,"17":1,"18":1,"19":2,"20":2,"21":2,"22":2,"23":2,"24":1,"25":1,"26":1,"27":1,"28":1,"29":1,"30":1,"31":1,"32":1,"33":1,"34":1,"35":0,"36":1,"37":3},"f":{"0":1,"1":1,"2":2,"3":2,"4":1,"5":2,"6":1,"7":1,"8":2,"9":1,"10":1,"11":1,"12":1,"13":1,"14":1,"15":1},"b":{"0":[1,1],"1":[2,0],"2":[1,0]},"_coverageSchema":"1a1c01bbd47fc00a2c39e90264f33305004495a9","hash":"3d0f58ad6441c6bd10b48910d3bdb66b6a907989"}
,"/home/prmzk/Documents/Hacktiv/Phase_3/final_project/server/controllers/threadController.js": {"path":"/home/prmzk/Documents/Hacktiv/Phase_3/final_project/server/controllers/threadController.js","statementMap":{"0":{"start":{"line":1,"column":34},"end":{"line":1,"column":54}},"1":{"start":{"line":2,"column":15},"end":{"line":2,"column":35}},"2":{"start":{"line":6,"column":21},"end":{"line":14,"column":9}},"3":{"start":{"line":16,"column":8},"end":{"line":20,"column":20}},"4":{"start":{"line":18,"column":12},"end":{"line":18,"column":75}},"5":{"start":{"line":24,"column":8},"end":{"line":42,"column":20}},"6":{"start":{"line":38,"column":12},"end":{"line":40,"column":14}},"7":{"start":{"line":46,"column":8},"end":{"line":70,"column":20}},"8":{"start":{"line":58,"column":12},"end":{"line":67,"column":13}},"9":{"start":{"line":59,"column":16},"end":{"line":61,"column":18}},"10":{"start":{"line":63,"column":16},"end":{"line":66,"column":18}},"11":{"start":{"line":74,"column":21},"end":{"line":81,"column":9}},"12":{"start":{"line":82,"column":8},"end":{"line":90,"column":20}},"13":{"start":{"line":88,"column":12},"end":{"line":88,"column":70}},"14":{"start":{"line":94,"column":8},"end":{"line":104,"column":20}},"15":{"start":{"line":102,"column":12},"end":{"line":102,"column":59}},"16":{"start":{"line":108,"column":8},"end":{"line":118,"column":20}},"17":{"start":{"line":116,"column":12},"end":{"line":116,"column":59}},"18":{"start":{"line":122,"column":8},"end":{"line":132,"column":20}},"19":{"start":{"line":130,"column":12},"end":{"line":130,"column":59}},"20":{"start":{"line":136,"column":8},"end":{"line":144,"column":20}},"21":{"start":{"line":142,"column":12},"end":{"line":142,"column":71}},"22":{"start":{"line":148,"column":21},"end":{"line":152,"column":9}},"23":{"start":{"line":154,"column":8},"end":{"line":158,"column":20}},"24":{"start":{"line":156,"column":12},"end":{"line":156,"column":72}},"25":{"start":{"line":163,"column":0},"end":{"line":163,"column":27}}},"fnMap":{"0":{"name":"(anonymous_0)","decl":{"start":{"line":5,"column":4},"end":{"line":5,"column":5}},"loc":{"start":{"line":5,"column":39},"end":{"line":21,"column":5}},"line":5},"1":{"name":"(anonymous_1)","decl":{"start":{"line":17,"column":14},"end":{"line":17,"column":15}},"loc":{"start":{"line":17,"column":25},"end":{"line":19,"column":9}},"line":17},"2":{"name":"(anonymous_2)","decl":{"start":{"line":23,"column":4},"end":{"line":23,"column":5}},"loc":{"start":{"line":23,"column":41},"end":{"line":43,"column":5}},"line":23},"3":{"name":"(anonymous_3)","decl":{"start":{"line":37,"column":14},"end":{"line":37,"column":15}},"loc":{"start":{"line":37,"column":24},"end":{"line":41,"column":9}},"line":37},"4":{"name":"(anonymous_4)","decl":{"start":{"line":45,"column":4},"end":{"line":45,"column":5}},"loc":{"start":{"line":45,"column":42},"end":{"line":71,"column":5}},"line":45},"5":{"name":"(anonymous_5)","decl":{"start":{"line":57,"column":14},"end":{"line":57,"column":15}},"loc":{"start":{"line":57,"column":24},"end":{"line":69,"column":9}},"line":57},"6":{"name":"(anonymous_6)","decl":{"start":{"line":73,"column":4},"end":{"line":73,"column":5}},"loc":{"start":{"line":73,"column":37},"end":{"line":91,"column":5}},"line":73},"7":{"name":"(anonymous_7)","decl":{"start":{"line":87,"column":14},"end":{"line":87,"column":15}},"loc":{"start":{"line":87,"column":24},"end":{"line":89,"column":9}},"line":87},"8":{"name":"(anonymous_8)","decl":{"start":{"line":93,"column":4},"end":{"line":93,"column":5}},"loc":{"start":{"line":93,"column":49},"end":{"line":105,"column":5}},"line":93},"9":{"name":"(anonymous_9)","decl":{"start":{"line":101,"column":14},"end":{"line":101,"column":15}},"loc":{"start":{"line":101,"column":24},"end":{"line":103,"column":9}},"line":101},"10":{"name":"(anonymous_10)","decl":{"start":{"line":107,"column":4},"end":{"line":107,"column":5}},"loc":{"start":{"line":107,"column":48},"end":{"line":119,"column":5}},"line":107},"11":{"name":"(anonymous_11)","decl":{"start":{"line":115,"column":14},"end":{"line":115,"column":15}},"loc":{"start":{"line":115,"column":24},"end":{"line":117,"column":9}},"line":115},"12":{"name":"(anonymous_12)","decl":{"start":{"line":121,"column":4},"end":{"line":121,"column":5}},"loc":{"start":{"line":121,"column":47},"end":{"line":133,"column":5}},"line":121},"13":{"name":"(anonymous_13)","decl":{"start":{"line":129,"column":14},"end":{"line":129,"column":15}},"loc":{"start":{"line":129,"column":24},"end":{"line":131,"column":9}},"line":129},"14":{"name":"(anonymous_14)","decl":{"start":{"line":135,"column":4},"end":{"line":135,"column":5}},"loc":{"start":{"line":135,"column":40},"end":{"line":145,"column":5}},"line":135},"15":{"name":"(anonymous_15)","decl":{"start":{"line":141,"column":14},"end":{"line":141,"column":15}},"loc":{"start":{"line":141,"column":24},"end":{"line":143,"column":9}},"line":141},"16":{"name":"(anonymous_16)","decl":{"start":{"line":147,"column":4},"end":{"line":147,"column":5}},"loc":{"start":{"line":147,"column":41},"end":{"line":159,"column":5}},"line":147},"17":{"name":"(anonymous_17)","decl":{"start":{"line":155,"column":14},"end":{"line":155,"column":15}},"loc":{"start":{"line":155,"column":19},"end":{"line":157,"column":9}},"line":155}},"branchMap":{"0":{"loc":{"start":{"line":58,"column":12},"end":{"line":67,"column":13}},"type":"if","locations":[{"start":{"line":58,"column":12},"end":{"line":67,"column":13}},{"start":{"line":58,"column":12},"end":{"line":67,"column":13}}],"line":58}},"s":{"0":3,"1":3,"2":14,"3":14,"4":11,"5":1,"6":1,"7":2,"8":2,"9":1,"10":1,"11":3,"12":3,"13":1,"14":1,"15":1,"16":1,"17":1,"18":1,"19":1,"20":1,"21":1,"22":2,"23":2,"24":1,"25":3},"f":{"0":14,"1":11,"2":1,"3":1,"4":2,"5":2,"6":3,"7":1,"8":1,"9":1,"10":1,"11":1,"12":1,"13":1,"14":1,"15":1,"16":2,"17":1},"b":{"0":[1,1]},"_coverageSchema":"1a1c01bbd47fc00a2c39e90264f33305004495a9","hash":"f9b8d9f1e1e74a60a03211c6892fe7270d2774a9"}
,"/home/prmzk/Documents/Hacktiv/Phase_3/final_project/server/controllers/userController.js": {"path":"/home/prmzk/Documents/Hacktiv/Phase_3/final_project/server/controllers/userController.js","statementMap":{"0":{"start":{"line":1,"column":25},"end":{"line":1,"column":45}},"1":{"start":{"line":2,"column":27},"end":{"line":2,"column":55}},"2":{"start":{"line":3,"column":26},"end":{"line":3,"column":51}},"3":{"start":{"line":7,"column":36},"end":{"line":7,"column":44}},"4":{"start":{"line":9,"column":8},"end":{"line":45,"column":20}},"5":{"start":{"line":18,"column":12},"end":{"line":43,"column":13}},"6":{"start":{"line":19,"column":16},"end":{"line":22,"column":18}},"7":{"start":{"line":24,"column":16},"end":{"line":42,"column":17}},"8":{"start":{"line":25,"column":34},"end":{"line":25,"column":58}},"9":{"start":{"line":26,"column":20},"end":{"line":26,"column":47}},"10":{"start":{"line":27,"column":20},"end":{"line":35,"column":22}},"11":{"start":{"line":38,"column":20},"end":{"line":41,"column":22}},"12":{"start":{"line":49,"column":21},"end":{"line":58,"column":9}},"13":{"start":{"line":60,"column":8},"end":{"line":87,"column":20}},"14":{"start":{"line":66,"column":12},"end":{"line":74,"column":13}},"15":{"start":{"line":67,"column":16},"end":{"line":70,"column":18}},"16":{"start":{"line":73,"column":16},"end":{"line":73,"column":40}},"17":{"start":{"line":77,"column":26},"end":{"line":77,"column":50}},"18":{"start":{"line":78,"column":12},"end":{"line":85,"column":14}},"19":{"start":{"line":92,"column":19},"end":{"line":92,"column":32}},"20":{"start":{"line":94,"column":8},"end":{"line":111,"column":20}},"21":{"start":{"line":100,"column":12},"end":{"line":109,"column":14}},"22":{"start":{"line":115,"column":0},"end":{"line":115,"column":27}}},"fnMap":{"0":{"name":"(anonymous_0)","decl":{"start":{"line":6,"column":4},"end":{"line":6,"column":5}},"loc":{"start":{"line":6,"column":32},"end":{"line":46,"column":5}},"line":6},"1":{"name":"(anonymous_1)","decl":{"start":{"line":17,"column":14},"end":{"line":17,"column":15}},"loc":{"start":{"line":17,"column":24},"end":{"line":44,"column":9}},"line":17},"2":{"name":"(anonymous_2)","decl":{"start":{"line":48,"column":4},"end":{"line":48,"column":5}},"loc":{"start":{"line":48,"column":35},"end":{"line":89,"column":5}},"line":48},"3":{"name":"(anonymous_3)","decl":{"start":{"line":65,"column":14},"end":{"line":65,"column":15}},"loc":{"start":{"line":65,"column":24},"end":{"line":75,"column":9}},"line":65},"4":{"name":"(anonymous_4)","decl":{"start":{"line":76,"column":14},"end":{"line":76,"column":15}},"loc":{"start":{"line":76,"column":24},"end":{"line":86,"column":9}},"line":76},"5":{"name":"(anonymous_5)","decl":{"start":{"line":91,"column":4},"end":{"line":91,"column":5}},"loc":{"start":{"line":91,"column":35},"end":{"line":112,"column":5}},"line":91},"6":{"name":"(anonymous_6)","decl":{"start":{"line":99,"column":14},"end":{"line":99,"column":15}},"loc":{"start":{"line":99,"column":24},"end":{"line":110,"column":9}},"line":99}},"branchMap":{"0":{"loc":{"start":{"line":18,"column":12},"end":{"line":43,"column":13}},"type":"if","locations":[{"start":{"line":18,"column":12},"end":{"line":43,"column":13}},{"start":{"line":18,"column":12},"end":{"line":43,"column":13}}],"line":18},"1":{"loc":{"start":{"line":24,"column":16},"end":{"line":42,"column":17}},"type":"if","locations":[{"start":{"line":24,"column":16},"end":{"line":42,"column":17}},{"start":{"line":24,"column":16},"end":{"line":42,"column":17}}],"line":24},"2":{"loc":{"start":{"line":66,"column":12},"end":{"line":74,"column":13}},"type":"if","locations":[{"start":{"line":66,"column":12},"end":{"line":74,"column":13}},{"start":{"line":66,"column":12},"end":{"line":74,"column":13}}],"line":66}},"s":{"0":3,"1":3,"2":3,"3":3,"4":3,"5":3,"6":1,"7":2,"8":1,"9":1,"10":1,"11":1,"12":17,"13":17,"14":17,"15":1,"16":16,"17":9,"18":9,"19":1,"20":1,"21":1,"22":3},"f":{"0":3,"1":3,"2":17,"3":17,"4":9,"5":1,"6":1},"b":{"0":[1,2],"1":[1,1],"2":[1,16]},"_coverageSchema":"1a1c01bbd47fc00a2c39e90264f33305004495a9","hash":"f6ebd6b24cc3f1b193018be372007038f17b9c1b"}
,"/home/prmzk/Documents/Hacktiv/Phase_3/final_project/server/helpers/bcrypt.js": {"path":"/home/prmzk/Documents/Hacktiv/Phase_3/final_project/server/helpers/bcrypt.js","statementMap":{"0":{"start":{"line":1,"column":15},"end":{"line":1,"column":34}},"1":{"start":{"line":4,"column":17},"end":{"line":4,"column":39}},"2":{"start":{"line":5,"column":4},"end":{"line":5,"column":42}},"3":{"start":{"line":9,"column":4},"end":{"line":9,"column":63}},"4":{"start":{"line":12,"column":0},"end":{"line":15,"column":1}}},"fnMap":{"0":{"name":"hashPassword","decl":{"start":{"line":3,"column":9},"end":{"line":3,"column":21}},"loc":{"start":{"line":3,"column":31},"end":{"line":6,"column":1}},"line":3},"1":{"name":"verifyPassword","decl":{"start":{"line":8,"column":9},"end":{"line":8,"column":23}},"loc":{"start":{"line":8,"column":57},"end":{"line":10,"column":1}},"line":8}},"branchMap":{},"s":{"0":3,"1":9,"2":9,"3":2,"4":3},"f":{"0":9,"1":2},"b":{},"_coverageSchema":"1a1c01bbd47fc00a2c39e90264f33305004495a9","hash":"cf902d0329545d92e5ee614deafff077a8232696"}
,"/home/prmzk/Documents/Hacktiv/Phase_3/final_project/server/helpers/customError.js": {"path":"/home/prmzk/Documents/Hacktiv/Phase_3/final_project/server/helpers/customError.js","statementMap":{"0":{"start":{"line":3,"column":6},"end":{"line":3,"column":31}},"1":{"start":{"line":4,"column":6},"end":{"line":4,"column":21}},"2":{"start":{"line":8,"column":0},"end":{"line":8,"column":29}}},"fnMap":{"0":{"name":"(anonymous_0)","decl":{"start":{"line":2,"column":2},"end":{"line":2,"column":3}},"loc":{"start":{"line":2,"column":27},"end":{"line":5,"column":3}},"line":2}},"branchMap":{},"s":{"0":23,"1":23,"2":3},"f":{"0":23},"b":{},"_coverageSchema":"1a1c01bbd47fc00a2c39e90264f33305004495a9","hash":"cb5b8c3fbc5501ecc12ce9ba34712eed7002339b"}
,"/home/prmzk/Documents/Hacktiv/Phase_3/final_project/server/helpers/dateCreator.js": {"path":"/home/prmzk/Documents/Hacktiv/Phase_3/final_project/server/helpers/dateCreator.js","statementMap":{"0":{"start":{"line":2,"column":2},"end":{"line":4,"column":3}},"1":{"start":{"line":3,"column":4},"end":{"line":3,"column":36}},"2":{"start":{"line":6,"column":2},"end":{"line":8,"column":3}},"3":{"start":{"line":7,"column":4},"end":{"line":7,"column":38}},"4":{"start":{"line":10,"column":2},"end":{"line":12,"column":3}},"5":{"start":{"line":11,"column":4},"end":{"line":11,"column":24}},"6":{"start":{"line":14,"column":15},"end":{"line":14,"column":46}},"7":{"start":{"line":16,"column":2},"end":{"line":16,"column":16}},"8":{"start":{"line":19,"column":0},"end":{"line":21,"column":1}}},"fnMap":{"0":{"name":"setDate","decl":{"start":{"line":1,"column":9},"end":{"line":1,"column":16}},"loc":{"start":{"line":1,"column":29},"end":{"line":17,"column":1}},"line":1}},"branchMap":{"0":{"loc":{"start":{"line":2,"column":2},"end":{"line":4,"column":3}},"type":"if","locations":[{"start":{"line":2,"column":2},"end":{"line":4,"column":3}},{"start":{"line":2,"column":2},"end":{"line":4,"column":3}}],"line":2},"1":{"loc":{"start":{"line":2,"column":5},"end":{"line":2,"column":42}},"type":"binary-expr","locations":[{"start":{"line":2,"column":5},"end":{"line":2,"column":10}},{"start":{"line":2,"column":14},"end":{"line":2,"column":27}},{"start":{"line":2,"column":31},"end":{"line":2,"column":42}}],"line":2},"2":{"loc":{"start":{"line":6,"column":2},"end":{"line":8,"column":3}},"type":"if","locations":[{"start":{"line":6,"column":2},"end":{"line":8,"column":3}},{"start":{"line":6,"column":2},"end":{"line":8,"column":3}}],"line":6},"3":{"loc":{"start":{"line":6,"column":5},"end":{"line":6,"column":29}},"type":"binary-expr","locations":[{"start":{"line":6,"column":5},"end":{"line":6,"column":11}},{"start":{"line":6,"column":15},"end":{"line":6,"column":29}}],"line":6},"4":{"loc":{"start":{"line":10,"column":2},"end":{"line":12,"column":3}},"type":"if","locations":[{"start":{"line":10,"column":2},"end":{"line":12,"column":3}},{"start":{"line":10,"column":2},"end":{"line":12,"column":3}}],"line":10}},"s":{"0":4,"1":4,"2":4,"3":2,"4":4,"5":4,"6":4,"7":4,"8":3},"f":{"0":4},"b":{"0":[4,0],"1":[4,0,0],"2":[2,2],"3":[4,2],"4":[4,0]},"_coverageSchema":"1a1c01bbd47fc00a2c39e90264f33305004495a9","hash":"48b47a287446cedd7b0f70f2a3616047049e0364"}
,"/home/prmzk/Documents/Hacktiv/Phase_3/final_project/server/helpers/jwt.js": {"path":"/home/prmzk/Documents/Hacktiv/Phase_3/final_project/server/helpers/jwt.js","statementMap":{"0":{"start":{"line":1,"column":12},"end":{"line":1,"column":35}},"1":{"start":{"line":4,"column":4},"end":{"line":4,"column":49}},"2":{"start":{"line":8,"column":4},"end":{"line":8,"column":53}},"3":{"start":{"line":11,"column":0},"end":{"line":11,"column":42}}},"fnMap":{"0":{"name":"generateToken","decl":{"start":{"line":3,"column":9},"end":{"line":3,"column":22}},"loc":{"start":{"line":3,"column":26},"end":{"line":5,"column":1}},"line":3},"1":{"name":"verify","decl":{"start":{"line":7,"column":9},"end":{"line":7,"column":15}},"loc":{"start":{"line":7,"column":23},"end":{"line":9,"column":1}},"line":7}},"branchMap":{},"s":{"0":3,"1":10,"2":42,"3":3},"f":{"0":10,"1":42},"b":{},"_coverageSchema":"1a1c01bbd47fc00a2c39e90264f33305004495a9","hash":"f395a4882dfccf9621ecb36c3299bceb5a88f6fe"}
,"/home/prmzk/Documents/Hacktiv/Phase_3/final_project/server/middleware/authentication.js": {"path":"/home/prmzk/Documents/Hacktiv/Phase_3/final_project/server/middleware/authentication.js","statementMap":{"0":{"start":{"line":1,"column":17},"end":{"line":1,"column":37}},"1":{"start":{"line":2,"column":12},"end":{"line":2,"column":37}},"2":{"start":{"line":3,"column":20},"end":{"line":3,"column":53}},"3":{"start":{"line":4,"column":16},"end":{"line":4,"column":32}},"4":{"start":{"line":7,"column":14},"end":{"line":7,"column":31}},"5":{"start":{"line":8,"column":2},"end":{"line":26,"column":3}},"6":{"start":{"line":9,"column":4},"end":{"line":9,"column":40}},"7":{"start":{"line":11,"column":4},"end":{"line":25,"column":5}},"8":{"start":{"line":12,"column":17},"end":{"line":12,"column":34}},"9":{"start":{"line":13,"column":6},"end":{"line":22,"column":20}},"10":{"start":{"line":15,"column":10},"end":{"line":20,"column":11}},"11":{"start":{"line":16,"column":12},"end":{"line":16,"column":33}},"12":{"start":{"line":17,"column":12},"end":{"line":17,"column":19}},"13":{"start":{"line":19,"column":12},"end":{"line":19,"column":48}},"14":{"start":{"line":24,"column":6},"end":{"line":24,"column":42}},"15":{"start":{"line":29,"column":0},"end":{"line":29,"column":32}}},"fnMap":{"0":{"name":"authentication","decl":{"start":{"line":6,"column":9},"end":{"line":6,"column":23}},"loc":{"start":{"line":6,"column":40},"end":{"line":27,"column":1}},"line":6},"1":{"name":"(anonymous_1)","decl":{"start":{"line":14,"column":14},"end":{"line":14,"column":15}},"loc":{"start":{"line":14,"column":26},"end":{"line":21,"column":9}},"line":14}},"branchMap":{"0":{"loc":{"start":{"line":8,"column":2},"end":{"line":26,"column":3}},"type":"if","locations":[{"start":{"line":8,"column":2},"end":{"line":26,"column":3}},{"start":{"line":8,"column":2},"end":{"line":26,"column":3}}],"line":8},"1":{"loc":{"start":{"line":15,"column":10},"end":{"line":20,"column":11}},"type":"if","locations":[{"start":{"line":15,"column":10},"end":{"line":20,"column":11}},{"start":{"line":15,"column":10},"end":{"line":20,"column":11}}],"line":15}},"s":{"0":3,"1":3,"2":3,"3":3,"4":51,"5":51,"6":9,"7":42,"8":42,"9":36,"10":36,"11":36,"12":36,"13":0,"14":6,"15":3},"f":{"0":51,"1":36},"b":{"0":[9,42],"1":[36,0]},"_coverageSchema":"1a1c01bbd47fc00a2c39e90264f33305004495a9","hash":"fcd975e3f97855bd5d6086220f2389790a9de95e"}
,"/home/prmzk/Documents/Hacktiv/Phase_3/final_project/server/middleware/authorization.js": {"path":"/home/prmzk/Documents/Hacktiv/Phase_3/final_project/server/middleware/authorization.js","statementMap":{"0":{"start":{"line":1,"column":16},"end":{"line":1,"column":36}},"1":{"start":{"line":2,"column":17},"end":{"line":2,"column":33}},"2":{"start":{"line":3,"column":20},"end":{"line":3,"column":42}},"3":{"start":{"line":4,"column":20},"end":{"line":4,"column":53}},"4":{"start":{"line":7,"column":15},"end":{"line":7,"column":25}},"5":{"start":{"line":8,"column":14},"end":{"line":8,"column":27}},"6":{"start":{"line":9,"column":2},"end":{"line":26,"column":7}},"7":{"start":{"line":15,"column":6},"end":{"line":23,"column":7}},"8":{"start":{"line":16,"column":8},"end":{"line":20,"column":9}},"9":{"start":{"line":17,"column":10},"end":{"line":17,"column":17}},"10":{"start":{"line":19,"column":10},"end":{"line":19,"column":49}},"11":{"start":{"line":22,"column":8},"end":{"line":22,"column":44}},"12":{"start":{"line":25,"column":6},"end":{"line":25,"column":16}},"13":{"start":{"line":29,"column":0},"end":{"line":29,"column":31}}},"fnMap":{"0":{"name":"authorization","decl":{"start":{"line":6,"column":9},"end":{"line":6,"column":22}},"loc":{"start":{"line":6,"column":39},"end":{"line":27,"column":1}},"line":6},"1":{"name":"(anonymous_1)","decl":{"start":{"line":14,"column":10},"end":{"line":14,"column":11}},"loc":{"start":{"line":14,"column":22},"end":{"line":24,"column":5}},"line":14},"2":{"name":"(anonymous_2)","decl":{"start":{"line":24,"column":13},"end":{"line":24,"column":14}},"loc":{"start":{"line":24,"column":22},"end":{"line":26,"column":5}},"line":24}},"branchMap":{"0":{"loc":{"start":{"line":15,"column":6},"end":{"line":23,"column":7}},"type":"if","locations":[{"start":{"line":15,"column":6},"end":{"line":23,"column":7}},{"start":{"line":15,"column":6},"end":{"line":23,"column":7}}],"line":15},"1":{"loc":{"start":{"line":16,"column":8},"end":{"line":20,"column":9}},"type":"if","locations":[{"start":{"line":16,"column":8},"end":{"line":20,"column":9}},{"start":{"line":16,"column":8},"end":{"line":20,"column":9}}],"line":16}},"s":{"0":3,"1":3,"2":3,"3":3,"4":8,"5":8,"6":8,"7":8,"8":5,"9":3,"10":2,"11":3,"12":5,"13":3},"f":{"0":8,"1":8,"2":5},"b":{"0":[5,3],"1":[3,2]},"_coverageSchema":"1a1c01bbd47fc00a2c39e90264f33305004495a9","hash":"d6b94db00080bdb33c4a11d95665e12885d71204"}
,"/home/prmzk/Documents/Hacktiv/Phase_3/final_project/server/middleware/authorizationThread.js": {"path":"/home/prmzk/Documents/Hacktiv/Phase_3/final_project/server/middleware/authorizationThread.js","statementMap":{"0":{"start":{"line":1,"column":19},"end":{"line":1,"column":39}},"1":{"start":{"line":2,"column":17},"end":{"line":2,"column":33}},"2":{"start":{"line":3,"column":20},"end":{"line":3,"column":44}},"3":{"start":{"line":4,"column":20},"end":{"line":4,"column":53}},"4":{"start":{"line":7,"column":15},"end":{"line":7,"column":25}},"5":{"start":{"line":8,"column":14},"end":{"line":8,"column":27}},"6":{"start":{"line":9,"column":2},"end":{"line":22,"column":7}},"7":{"start":{"line":15,"column":6},"end":{"line":19,"column":7}},"8":{"start":{"line":16,"column":8},"end":{"line":16,"column":15}},"9":{"start":{"line":18,"column":8},"end":{"line":18,"column":47}},"10":{"start":{"line":21,"column":6},"end":{"line":21,"column":16}},"11":{"start":{"line":25,"column":0},"end":{"line":25,"column":31}}},"fnMap":{"0":{"name":"authorization","decl":{"start":{"line":6,"column":9},"end":{"line":6,"column":22}},"loc":{"start":{"line":6,"column":39},"end":{"line":23,"column":1}},"line":6},"1":{"name":"(anonymous_1)","decl":{"start":{"line":14,"column":10},"end":{"line":14,"column":11}},"loc":{"start":{"line":14,"column":22},"end":{"line":20,"column":5}},"line":14},"2":{"name":"(anonymous_2)","decl":{"start":{"line":20,"column":13},"end":{"line":20,"column":14}},"loc":{"start":{"line":20,"column":22},"end":{"line":22,"column":5}},"line":20}},"branchMap":{"0":{"loc":{"start":{"line":15,"column":6},"end":{"line":19,"column":7}},"type":"if","locations":[{"start":{"line":15,"column":6},"end":{"line":19,"column":7}},{"start":{"line":15,"column":6},"end":{"line":19,"column":7}}],"line":15}},"s":{"0":3,"1":3,"2":3,"3":3,"4":6,"5":6,"6":6,"7":6,"8":4,"9":2,"10":2,"11":3},"f":{"0":6,"1":6,"2":2},"b":{"0":[4,2]},"_coverageSchema":"1a1c01bbd47fc00a2c39e90264f33305004495a9","hash":"8d315f0c94fc998531da8a173d334acfa18ae0a4"}
,"/home/prmzk/Documents/Hacktiv/Phase_3/final_project/server/middleware/errorHandler.js": {"path":"/home/prmzk/Documents/Hacktiv/Phase_3/final_project/server/middleware/errorHandler.js","statementMap":{"0":{"start":{"line":3,"column":0},"end":{"line":23,"column":1}},"1":{"start":{"line":4,"column":4},"end":{"line":17,"column":5}},"2":{"start":{"line":5,"column":8},"end":{"line":16,"column":9}},"3":{"start":{"line":7,"column":16},"end":{"line":9,"column":18}},"4":{"start":{"line":10,"column":16},"end":{"line":10,"column":21}},"5":{"start":{"line":12,"column":16},"end":{"line":14,"column":18}},"6":{"start":{"line":15,"column":16},"end":{"line":15,"column":21}},"7":{"start":{"line":18,"column":4},"end":{"line":22,"column":5}},"8":{"start":{"line":19,"column":8},"end":{"line":21,"column":10}}},"fnMap":{"0":{"name":"(anonymous_0)","decl":{"start":{"line":3,"column":17},"end":{"line":3,"column":18}},"loc":{"start":{"line":3,"column":48},"end":{"line":23,"column":1}},"line":3}},"branchMap":{"0":{"loc":{"start":{"line":4,"column":4},"end":{"line":17,"column":5}},"type":"if","locations":[{"start":{"line":4,"column":4},"end":{"line":17,"column":5}},{"start":{"line":4,"column":4},"end":{"line":17,"column":5}}],"line":4},"1":{"loc":{"start":{"line":5,"column":8},"end":{"line":16,"column":9}},"type":"switch","locations":[{"start":{"line":6,"column":12},"end":{"line":10,"column":21}},{"start":{"line":11,"column":12},"end":{"line":15,"column":21}}],"line":5},"2":{"loc":{"start":{"line":18,"column":4},"end":{"line":22,"column":5}},"type":"if","locations":[{"start":{"line":18,"column":4},"end":{"line":22,"column":5}},{"start":{"line":18,"column":4},"end":{"line":22,"column":5}}],"line":18}},"s":{"0":3,"1":42,"2":15,"3":15,"4":15,"5":0,"6":0,"7":42,"8":27},"f":{"0":42},"b":{"0":[15,27],"1":[15,0],"2":[27,15]},"_coverageSchema":"1a1c01bbd47fc00a2c39e90264f33305004495a9","hash":"52f5c79c8187f892378e69f313885dde6c2855d9"}
,"/home/prmzk/Documents/Hacktiv/Phase_3/final_project/server/models/comment.js": {"path":"/home/prmzk/Documents/Hacktiv/Phase_3/final_project/server/models/comment.js","statementMap":{"0":{"start":{"line":2,"column":0},"end":{"line":28,"column":2}},"1":{"start":{"line":4,"column":2},"end":{"line":22,"column":5}},"2":{"start":{"line":23,"column":2},"end":{"line":26,"column":4}},"3":{"start":{"line":24,"column":4},"end":{"line":24,"column":36}},"4":{"start":{"line":25,"column":4},"end":{"line":25,"column":34}},"5":{"start":{"line":27,"column":2},"end":{"line":27,"column":17}}},"fnMap":{"0":{"name":"(anonymous_0)","decl":{"start":{"line":2,"column":17},"end":{"line":2,"column":18}},"loc":{"start":{"line":2,"column":43},"end":{"line":28,"column":1}},"line":2},"1":{"name":"(anonymous_1)","decl":{"start":{"line":23,"column":22},"end":{"line":23,"column":23}},"loc":{"start":{"line":23,"column":39},"end":{"line":26,"column":3}},"line":23}},"branchMap":{},"s":{"0":3,"1":3,"2":3,"3":3,"4":3,"5":3},"f":{"0":3,"1":3},"b":{},"_coverageSchema":"1a1c01bbd47fc00a2c39e90264f33305004495a9","hash":"39f5891586cc21f3825d9b6cc2c20135c6af61e6"}
,"/home/prmzk/Documents/Hacktiv/Phase_3/final_project/server/models/index.js": {"path":"/home/prmzk/Documents/Hacktiv/Phase_3/final_project/server/models/index.js","statementMap":{"0":{"start":{"line":3,"column":11},"end":{"line":3,"column":24}},"1":{"start":{"line":4,"column":13},"end":{"line":4,"column":28}},"2":{"start":{"line":5,"column":18},"end":{"line":5,"column":38}},"3":{"start":{"line":6,"column":17},"end":{"line":6,"column":42}},"4":{"start":{"line":9,"column":15},"end":{"line":9,"column":55}},"5":{"start":{"line":10,"column":11},"end":{"line":10,"column":13}},"6":{"start":{"line":14,"column":0},"end":{"line":21,"column":1}},"7":{"start":{"line":15,"column":2},"end":{"line":18,"column":5}},"8":{"start":{"line":20,"column":2},"end":{"line":20,"column":87}},"9":{"start":{"line":23,"column":0},"end":{"line":31,"column":5}},"10":{"start":{"line":26,"column":4},"end":{"line":26,"column":90}},"11":{"start":{"line":29,"column":18},"end":{"line":29,"column":65}},"12":{"start":{"line":30,"column":4},"end":{"line":30,"column":27}},"13":{"start":{"line":33,"column":0},"end":{"line":37,"column":3}},"14":{"start":{"line":34,"column":2},"end":{"line":36,"column":3}},"15":{"start":{"line":35,"column":4},"end":{"line":35,"column":32}},"16":{"start":{"line":39,"column":0},"end":{"line":39,"column":25}},"17":{"start":{"line":40,"column":0},"end":{"line":40,"column":25}},"18":{"start":{"line":42,"column":0},"end":{"line":42,"column":20}}},"fnMap":{"0":{"name":"(anonymous_0)","decl":{"start":{"line":25,"column":10},"end":{"line":25,"column":11}},"loc":{"start":{"line":25,"column":18},"end":{"line":27,"column":3}},"line":25},"1":{"name":"(anonymous_1)","decl":{"start":{"line":28,"column":11},"end":{"line":28,"column":12}},"loc":{"start":{"line":28,"column":19},"end":{"line":31,"column":3}},"line":28},"2":{"name":"(anonymous_2)","decl":{"start":{"line":33,"column":24},"end":{"line":33,"column":25}},"loc":{"start":{"line":33,"column":37},"end":{"line":37,"column":1}},"line":33}},"branchMap":{"0":{"loc":{"start":{"line":14,"column":0},"end":{"line":21,"column":1}},"type":"if","locations":[{"start":{"line":14,"column":0},"end":{"line":21,"column":1}},{"start":{"line":14,"column":0},"end":{"line":21,"column":1}}],"line":14},"1":{"loc":{"start":{"line":26,"column":11},"end":{"line":26,"column":89}},"type":"binary-expr","locations":[{"start":{"line":26,"column":12},"end":{"line":26,"column":35}},{"start":{"line":26,"column":41},"end":{"line":26,"column":58}},{"start":{"line":26,"column":64},"end":{"line":26,"column":88}}],"line":26},"2":{"loc":{"start":{"line":34,"column":2},"end":{"line":36,"column":3}},"type":"if","locations":[{"start":{"line":34,"column":2},"end":{"line":36,"column":3}},{"start":{"line":34,"column":2},"end":{"line":36,"column":3}}],"line":34}},"s":{"0":3,"1":3,"2":3,"3":3,"4":3,"5":3,"6":3,"7":0,"8":3,"9":3,"10":15,"11":12,"12":12,"13":3,"14":12,"15":12,"16":3,"17":3,"18":3},"f":{"0":15,"1":12,"2":12},"b":{"0":[0,3],"1":[15,15,12],"2":[12,0]},"_coverageSchema":"1a1c01bbd47fc00a2c39e90264f33305004495a9","hash":"5ca5ba54e1962f3705cf08f1d65e817242da33c1"}
,"/home/prmzk/Documents/Hacktiv/Phase_3/final_project/server/models/pet.js": {"path":"/home/prmzk/Documents/Hacktiv/Phase_3/final_project/server/models/pet.js","statementMap":{"0":{"start":{"line":2,"column":0},"end":{"line":56,"column":2}},"1":{"start":{"line":5,"column":2},"end":{"line":51,"column":4}},"2":{"start":{"line":39,"column":8},"end":{"line":41,"column":9}},"3":{"start":{"line":40,"column":10},"end":{"line":40,"column":24}},"4":{"start":{"line":42,"column":8},"end":{"line":44,"column":9}},"5":{"start":{"line":43,"column":10},"end":{"line":43,"column":30}},"6":{"start":{"line":45,"column":8},"end":{"line":47,"column":9}},"7":{"start":{"line":46,"column":10},"end":{"line":46,"column":30}},"8":{"start":{"line":52,"column":2},"end":{"line":54,"column":4}},"9":{"start":{"line":53,"column":4},"end":{"line":53,"column":31}},"10":{"start":{"line":55,"column":2},"end":{"line":55,"column":13}}},"fnMap":{"0":{"name":"(anonymous_0)","decl":{"start":{"line":2,"column":17},"end":{"line":2,"column":18}},"loc":{"start":{"line":2,"column":43},"end":{"line":56,"column":1}},"line":2},"1":{"name":"(anonymous_1)","decl":{"start":{"line":38,"column":6},"end":{"line":38,"column":7}},"loc":{"start":{"line":38,"column":33},"end":{"line":48,"column":7}},"line":38},"2":{"name":"(anonymous_2)","decl":{"start":{"line":52,"column":18},"end":{"line":52,"column":19}},"loc":{"start":{"line":52,"column":35},"end":{"line":54,"column":3}},"line":52}},"branchMap":{"0":{"loc":{"start":{"line":39,"column":8},"end":{"line":41,"column":9}},"type":"if","locations":[{"start":{"line":39,"column":8},"end":{"line":41,"column":9}},{"start":{"line":39,"column":8},"end":{"line":41,"column":9}}],"line":39},"1":{"loc":{"start":{"line":42,"column":8},"end":{"line":44,"column":9}},"type":"if","locations":[{"start":{"line":42,"column":8},"end":{"line":44,"column":9}},{"start":{"line":42,"column":8},"end":{"line":44,"column":9}}],"line":42},"2":{"loc":{"start":{"line":45,"column":8},"end":{"line":47,"column":9}},"type":"if","locations":[{"start":{"line":45,"column":8},"end":{"line":47,"column":9}},{"start":{"line":45,"column":8},"end":{"line":47,"column":9}}],"line":45}},"s":{"0":3,"1":3,"2":1,"3":1,"4":1,"5":0,"6":1,"7":0,"8":3,"9":3,"10":3},"f":{"0":3,"1":1,"2":3},"b":{"0":[1,0],"1":[0,1],"2":[0,1]},"_coverageSchema":"1a1c01bbd47fc00a2c39e90264f33305004495a9","hash":"688598319ae07424d15ae23f606bed88e2d78d1f"}
,"/home/prmzk/Documents/Hacktiv/Phase_3/final_project/server/models/thread.js": {"path":"/home/prmzk/Documents/Hacktiv/Phase_3/final_project/server/models/thread.js","statementMap":{"0":{"start":{"line":2,"column":0},"end":{"line":54,"column":2}},"1":{"start":{"line":4,"column":2},"end":{"line":48,"column":5}},"2":{"start":{"line":49,"column":2},"end":{"line":52,"column":4}},"3":{"start":{"line":50,"column":4},"end":{"line":50,"column":34}},"4":{"start":{"line":51,"column":4},"end":{"line":51,"column":33}},"5":{"start":{"line":53,"column":2},"end":{"line":53,"column":16}}},"fnMap":{"0":{"name":"(anonymous_0)","decl":{"start":{"line":2,"column":17},"end":{"line":2,"column":18}},"loc":{"start":{"line":2,"column":43},"end":{"line":54,"column":1}},"line":2},"1":{"name":"(anonymous_1)","decl":{"start":{"line":49,"column":21},"end":{"line":49,"column":22}},"loc":{"start":{"line":49,"column":38},"end":{"line":52,"column":3}},"line":49}},"branchMap":{},"s":{"0":3,"1":3,"2":3,"3":3,"4":3,"5":3},"f":{"0":3,"1":3},"b":{},"_coverageSchema":"1a1c01bbd47fc00a2c39e90264f33305004495a9","hash":"11ab9b3e8c0b400885edfa13c69c605cc9dd5cc6"}
,"/home/prmzk/Documents/Hacktiv/Phase_3/final_project/server/models/user.js": {"path":"/home/prmzk/Documents/Hacktiv/Phase_3/final_project/server/models/user.js","statementMap":{"0":{"start":{"line":3,"column":25},"end":{"line":3,"column":53}},"1":{"start":{"line":5,"column":0},"end":{"line":94,"column":2}},"2":{"start":{"line":7,"column":2},"end":{"line":87,"column":5}},"3":{"start":{"line":82,"column":8},"end":{"line":82,"column":51}},"4":{"start":{"line":88,"column":2},"end":{"line":92,"column":4}},"5":{"start":{"line":89,"column":4},"end":{"line":89,"column":31}},"6":{"start":{"line":90,"column":4},"end":{"line":90,"column":32}},"7":{"start":{"line":91,"column":4},"end":{"line":91,"column":28}},"8":{"start":{"line":93,"column":2},"end":{"line":93,"column":14}}},"fnMap":{"0":{"name":"(anonymous_0)","decl":{"start":{"line":5,"column":17},"end":{"line":5,"column":18}},"loc":{"start":{"line":5,"column":43},"end":{"line":94,"column":1}},"line":5},"1":{"name":"(anonymous_1)","decl":{"start":{"line":81,"column":20},"end":{"line":81,"column":21}},"loc":{"start":{"line":81,"column":39},"end":{"line":83,"column":7}},"line":81},"2":{"name":"(anonymous_2)","decl":{"start":{"line":88,"column":19},"end":{"line":88,"column":20}},"loc":{"start":{"line":88,"column":36},"end":{"line":92,"column":3}},"line":88}},"branchMap":{},"s":{"0":3,"1":3,"2":3,"3":9,"4":3,"5":3,"6":3,"7":3,"8":3},"f":{"0":3,"1":9,"2":3},"b":{},"_coverageSchema":"1a1c01bbd47fc00a2c39e90264f33305004495a9","hash":"343548b1df282b9f7747be67cdcf9a1c347a8d71"}
,"/home/prmzk/Documents/Hacktiv/Phase_3/final_project/server/routes/index.js": {"path":"/home/prmzk/Documents/Hacktiv/Phase_3/final_project/server/routes/index.js","statementMap":{"0":{"start":{"line":1,"column":15},"end":{"line":1,"column":42}},"1":{"start":{"line":2,"column":18},"end":{"line":2,"column":34}},"2":{"start":{"line":3,"column":21},"end":{"line":3,"column":48}},"3":{"start":{"line":4,"column":23},"end":{"line":4,"column":63}},"4":{"start":{"line":6,"column":0},"end":{"line":6,"column":49}},"5":{"start":{"line":7,"column":0},"end":{"line":7,"column":43}},"6":{"start":{"line":8,"column":0},"end":{"line":8,"column":49}},"7":{"start":{"line":10,"column":0},"end":{"line":10,"column":30}},"8":{"start":{"line":11,"column":0},"end":{"line":11,"column":36}},"9":{"start":{"line":13,"column":0},"end":{"line":13,"column":24}}},"fnMap":{},"branchMap":{},"s":{"0":3,"1":3,"2":3,"3":3,"4":3,"5":3,"6":3,"7":3,"8":3,"9":3},"f":{},"b":{},"_coverageSchema":"1a1c01bbd47fc00a2c39e90264f33305004495a9","hash":"b3869ba09dce028b134aad2cdd6f3e2177f2fece"}
,"/home/prmzk/Documents/Hacktiv/Phase_3/final_project/server/routes/pet.js": {"path":"/home/prmzk/Documents/Hacktiv/Phase_3/final_project/server/routes/pet.js","statementMap":{"0":{"start":{"line":1,"column":15},"end":{"line":1,"column":42}},"1":{"start":{"line":2,"column":19},"end":{"line":2,"column":58}},"2":{"start":{"line":3,"column":24},"end":{"line":3,"column":63}},"3":{"start":{"line":4,"column":24},"end":{"line":4,"column":62}},"4":{"start":{"line":6,"column":0},"end":{"line":6,"column":48}},"5":{"start":{"line":7,"column":0},"end":{"line":7,"column":55}},"6":{"start":{"line":8,"column":0},"end":{"line":8,"column":52}},"7":{"start":{"line":9,"column":0},"end":{"line":9,"column":70}},"8":{"start":{"line":10,"column":0},"end":{"line":10,"column":63}},"9":{"start":{"line":11,"column":0},"end":{"line":11,"column":73}},"10":{"start":{"line":13,"column":0},"end":{"line":13,"column":24}}},"fnMap":{},"branchMap":{},"s":{"0":3,"1":3,"2":3,"3":3,"4":3,"5":3,"6":3,"7":3,"8":3,"9":3,"10":3},"f":{},"b":{},"_coverageSchema":"1a1c01bbd47fc00a2c39e90264f33305004495a9","hash":"53a0df21f4c8e41c5dda86264e2477329ab4057e"}
,"/home/prmzk/Documents/Hacktiv/Phase_3/final_project/server/routes/thread.js": {"path":"/home/prmzk/Documents/Hacktiv/Phase_3/final_project/server/routes/thread.js","statementMap":{"0":{"start":{"line":1,"column":15},"end":{"line":1,"column":42}},"1":{"start":{"line":2,"column":25},"end":{"line":2,"column":67}},"2":{"start":{"line":3,"column":24},"end":{"line":3,"column":63}},"3":{"start":{"line":4,"column":24},"end":{"line":4,"column":68}},"4":{"start":{"line":6,"column":0},"end":{"line":6,"column":48}},"5":{"start":{"line":7,"column":0},"end":{"line":7,"column":52}},"6":{"start":{"line":8,"column":0},"end":{"line":8,"column":76}},"7":{"start":{"line":9,"column":0},"end":{"line":9,"column":74}},"8":{"start":{"line":10,"column":0},"end":{"line":10,"column":72}},"9":{"start":{"line":11,"column":0},"end":{"line":11,"column":63}},"10":{"start":{"line":12,"column":0},"end":{"line":12,"column":67}},"11":{"start":{"line":13,"column":0},"end":{"line":13,"column":79}},"12":{"start":{"line":14,"column":0},"end":{"line":14,"column":84}},"13":{"start":{"line":16,"column":0},"end":{"line":16,"column":23}}},"fnMap":{},"branchMap":{},"s":{"0":3,"1":3,"2":3,"3":3,"4":3,"5":3,"6":3,"7":3,"8":3,"9":3,"10":3,"11":3,"12":3,"13":3},"f":{},"b":{},"_coverageSchema":"1a1c01bbd47fc00a2c39e90264f33305004495a9","hash":"c95c1b84fc2ccd6242de58ce5be819289a75aac3"}
}
