TN:
SF:app.js
FNF:0
FNH:0
DA:1,3
DA:2,3
DA:4,3
DA:5,3
DA:7,3
DA:9,3
DA:10,3
DA:11,3
DA:12,3
DA:13,3
DA:15,3
LF:11
LH:11
BRF:0
BRH:0
end_of_record
TN:
SF:config/config.js
FNF:0
FNH:0
DA:1,3
DA:3,3
DA:5,0
DA:6,0
DA:8,3
DA:11,3
LF:6
LH:4
BRDA:1,0,0,3
BRDA:1,0,1,0
BRDA:3,1,0,0
BRDA:3,1,1,3
BRF:4
BRH:2
end_of_record
TN:
SF:controllers/petController.js
FN:7,(anonymous_0)
FN:15,(anonymous_1)
FN:20,(anonymous_2)
FN:31,(anonymous_3)
FN:37,(anonymous_4)
FN:43,(anonymous_5)
FN:63,(anonymous_6)
FN:66,(anonymous_7)
FN:72,(anonymous_8)
FN:95,(anonymous_9)
FN:97,(anonymous_10)
FN:104,(anonymous_11)
FN:115,(anonymous_12)
FN:120,(anonymous_13)
FN:127,(anonymous_14)
FN:139,(anonymous_15)
FNF:16
FNH:16
FNDA:1,(anonymous_0)
FNDA:1,(anonymous_1)
FNDA:2,(anonymous_2)
FNDA:2,(anonymous_3)
FNDA:1,(anonymous_4)
FNDA:2,(anonymous_5)
FNDA:1,(anonymous_6)
FNDA:1,(anonymous_7)
FNDA:2,(anonymous_8)
FNDA:1,(anonymous_9)
FNDA:1,(anonymous_10)
FNDA:1,(anonymous_11)
FNDA:1,(anonymous_12)
FNDA:1,(anonymous_13)
FNDA:1,(anonymous_14)
FNDA:1,(anonymous_15)
DA:1,3
DA:2,3
DA:3,3
DA:4,3
DA:8,1
DA:16,1
DA:21,2
DA:32,2
DA:33,1
DA:35,1
DA:38,1
DA:39,1
DA:44,2
DA:46,2
DA:47,2
DA:56,2
DA:64,1
DA:67,1
DA:68,1
DA:73,2
DA:74,2
DA:75,2
DA:83,2
DA:84,2
DA:96,1
DA:98,1
DA:99,1
DA:105,1
DA:106,1
DA:109,1
DA:116,1
DA:122,1
DA:128,1
DA:129,1
DA:130,1
DA:136,0
DA:140,1
DA:145,3
LF:38
LH:37
BRDA:32,0,0,1
BRDA:32,0,1,1
BRDA:83,1,0,2
BRDA:83,1,1,0
BRDA:129,2,0,1
BRDA:129,2,1,0
BRF:6
BRH:4
end_of_record
TN:
SF:controllers/threadController.js
FN:5,(anonymous_0)
FN:17,(anonymous_1)
FN:23,(anonymous_2)
FN:37,(anonymous_3)
FN:45,(anonymous_4)
FN:57,(anonymous_5)
FN:73,(anonymous_6)
FN:87,(anonymous_7)
FN:93,(anonymous_8)
FN:101,(anonymous_9)
FN:107,(anonymous_10)
FN:115,(anonymous_11)
FN:121,(anonymous_12)
FN:129,(anonymous_13)
FN:135,(anonymous_14)
FN:141,(anonymous_15)
FN:147,(anonymous_16)
FN:155,(anonymous_17)
FNF:18
FNH:18
FNDA:14,(anonymous_0)
FNDA:11,(anonymous_1)
FNDA:1,(anonymous_2)
FNDA:1,(anonymous_3)
FNDA:2,(anonymous_4)
FNDA:2,(anonymous_5)
FNDA:3,(anonymous_6)
FNDA:1,(anonymous_7)
FNDA:1,(anonymous_8)
FNDA:1,(anonymous_9)
FNDA:1,(anonymous_10)
FNDA:1,(anonymous_11)
FNDA:1,(anonymous_12)
FNDA:1,(anonymous_13)
FNDA:1,(anonymous_14)
FNDA:1,(anonymous_15)
FNDA:2,(anonymous_16)
FNDA:1,(anonymous_17)
DA:1,3
DA:2,3
DA:6,14
DA:16,14
DA:18,11
DA:24,1
DA:38,1
DA:46,2
DA:58,2
DA:59,1
DA:63,1
DA:74,3
DA:82,3
DA:88,1
DA:94,1
DA:102,1
DA:108,1
DA:116,1
DA:122,1
DA:130,1
DA:136,1
DA:142,1
DA:148,2
DA:154,2
DA:156,1
DA:163,3
LF:26
LH:26
BRDA:58,0,0,1
BRDA:58,0,1,1
BRF:2
BRH:2
end_of_record
TN:
SF:controllers/userController.js
FN:6,(anonymous_0)
FN:17,(anonymous_1)
FN:48,(anonymous_2)
FN:65,(anonymous_3)
FN:76,(anonymous_4)
FN:91,(anonymous_5)
FN:99,(anonymous_6)
FNF:7
FNH:7
FNDA:3,(anonymous_0)
FNDA:3,(anonymous_1)
FNDA:17,(anonymous_2)
FNDA:17,(anonymous_3)
FNDA:9,(anonymous_4)
FNDA:1,(anonymous_5)
FNDA:1,(anonymous_6)
DA:1,3
DA:2,3
DA:3,3
DA:7,3
DA:9,3
DA:18,3
DA:19,1
DA:24,2
DA:25,1
DA:26,1
DA:27,1
DA:38,1
DA:49,17
DA:60,17
DA:66,17
DA:67,1
DA:73,16
DA:77,9
DA:78,9
DA:92,1
DA:94,1
DA:100,1
DA:115,3
LF:23
LH:23
BRDA:18,0,0,1
BRDA:18,0,1,2
BRDA:24,1,0,1
BRDA:24,1,1,1
BRDA:66,2,0,1
BRDA:66,2,1,16
BRF:6
BRH:6
end_of_record
TN:
SF:helpers/bcrypt.js
FN:3,hashPassword
FN:8,verifyPassword
FNF:2
FNH:2
FNDA:9,hashPassword
FNDA:2,verifyPassword
DA:1,3
DA:4,9
DA:5,9
DA:9,2
DA:12,3
LF:5
LH:5
BRF:0
BRH:0
end_of_record
TN:
SF:helpers/customError.js
FN:2,(anonymous_0)
FNF:1
FNH:1
FNDA:23,(anonymous_0)
DA:3,23
DA:4,23
DA:8,3
LF:3
LH:3
BRF:0
BRH:0
end_of_record
TN:
SF:helpers/dateCreator.js
FN:1,setDate
FNF:1
FNH:1
FNDA:4,setDate
DA:2,4
DA:3,4
DA:6,4
DA:7,2
DA:10,4
DA:11,4
DA:14,4
DA:16,4
DA:19,3
LF:9
LH:9
BRDA:2,0,0,4
BRDA:2,0,1,0
BRDA:2,1,0,4
BRDA:2,1,1,0
BRDA:2,1,2,0
BRDA:6,2,0,2
BRDA:6,2,1,2
BRDA:6,3,0,4
BRDA:6,3,1,2
BRDA:10,4,0,4
BRDA:10,4,1,0
BRF:11
BRH:7
end_of_record
TN:
SF:helpers/jwt.js
FN:3,generateToken
FN:7,verify
FNF:2
FNH:2
FNDA:10,generateToken
FNDA:42,verify
DA:1,3
DA:4,10
DA:8,42
DA:11,3
LF:4
LH:4
BRF:0
BRH:0
end_of_record
TN:
SF:middleware/authentication.js
FN:6,authentication
FN:14,(anonymous_1)
FNF:2
FNH:2
FNDA:51,authentication
FNDA:36,(anonymous_1)
DA:1,3
DA:2,3
DA:3,3
DA:4,3
DA:7,51
DA:8,51
DA:9,9
DA:11,42
DA:12,42
DA:13,36
DA:15,36
DA:16,36
DA:17,36
DA:19,0
DA:24,6
DA:29,3
LF:16
LH:15
BRDA:8,0,0,9
BRDA:8,0,1,42
BRDA:15,1,0,36
BRDA:15,1,1,0
BRF:4
BRH:3
end_of_record
TN:
SF:middleware/authorization.js
FN:6,authorization
FN:14,(anonymous_1)
FN:24,(anonymous_2)
FNF:3
FNH:3
FNDA:8,authorization
FNDA:8,(anonymous_1)
FNDA:5,(anonymous_2)
DA:1,3
DA:2,3
DA:3,3
DA:4,3
DA:7,8
DA:8,8
DA:9,8
DA:15,8
DA:16,5
DA:17,3
DA:19,2
DA:22,3
DA:25,5
DA:29,3
LF:14
LH:14
BRDA:15,0,0,5
BRDA:15,0,1,3
BRDA:16,1,0,3
BRDA:16,1,1,2
BRF:4
BRH:4
end_of_record
TN:
SF:middleware/authorizationThread.js
FN:6,authorization
FN:14,(anonymous_1)
FN:20,(anonymous_2)
FNF:3
FNH:3
FNDA:6,authorization
FNDA:6,(anonymous_1)
FNDA:2,(anonymous_2)
DA:1,3
DA:2,3
DA:3,3
DA:4,3
DA:7,6
DA:8,6
DA:9,6
DA:15,6
DA:16,4
DA:18,2
DA:21,2
DA:25,3
LF:12
LH:12
BRDA:15,0,0,4
BRDA:15,0,1,2
BRF:2
BRH:2
end_of_record
TN:
SF:middleware/errorHandler.js
FN:3,(anonymous_0)
FNF:1
FNH:1
FNDA:42,(anonymous_0)
DA:3,3
DA:4,42
DA:5,15
DA:7,15
DA:10,15
DA:12,0
DA:15,0
DA:18,42
DA:19,27
LF:9
LH:7
BRDA:4,0,0,15
BRDA:4,0,1,27
BRDA:5,1,0,15
BRDA:5,1,1,0
BRDA:18,2,0,27
BRDA:18,2,1,15
BRF:6
BRH:5
end_of_record
TN:
SF:models/comment.js
FN:2,(anonymous_0)
FN:23,(anonymous_1)
FNF:2
FNH:2
FNDA:3,(anonymous_0)
FNDA:3,(anonymous_1)
DA:2,3
DA:4,3
DA:23,3
DA:24,3
DA:25,3
DA:27,3
LF:6
LH:6
BRF:0
BRH:0
end_of_record
TN:
SF:models/index.js
FN:25,(anonymous_0)
FN:28,(anonymous_1)
FN:33,(anonymous_2)
FNF:3
FNH:3
FNDA:15,(anonymous_0)
FNDA:12,(anonymous_1)
FNDA:12,(anonymous_2)
DA:3,3
DA:4,3
DA:5,3
DA:6,3
DA:9,3
DA:10,3
DA:14,3
DA:15,0
DA:20,3
DA:23,3
DA:26,15
DA:29,12
DA:30,12
DA:33,3
DA:34,12
DA:35,12
DA:39,3
DA:40,3
DA:42,3
LF:19
LH:18
BRDA:14,0,0,0
BRDA:14,0,1,3
BRDA:26,1,0,15
BRDA:26,1,1,15
BRDA:26,1,2,12
BRDA:34,2,0,12
BRDA:34,2,1,0
BRF:7
BRH:5
end_of_record
TN:
SF:models/pet.js
FN:2,(anonymous_0)
FN:38,(anonymous_1)
FN:52,(anonymous_2)
FNF:3
FNH:3
FNDA:3,(anonymous_0)
FNDA:1,(anonymous_1)
FNDA:3,(anonymous_2)
DA:2,3
DA:5,3
DA:39,1
DA:40,1
DA:42,1
DA:43,0
DA:45,1
DA:46,0
DA:52,3
DA:53,3
DA:55,3
LF:11
LH:9
BRDA:39,0,0,1
BRDA:39,0,1,0
BRDA:42,1,0,0
BRDA:42,1,1,1
BRDA:45,2,0,0
BRDA:45,2,1,1
BRF:6
BRH:3
end_of_record
TN:
SF:models/thread.js
FN:2,(anonymous_0)
FN:49,(anonymous_1)
FNF:2
FNH:2
FNDA:3,(anonymous_0)
FNDA:3,(anonymous_1)
DA:2,3
DA:4,3
DA:49,3
DA:50,3
DA:51,3
DA:53,3
LF:6
LH:6
BRF:0
BRH:0
end_of_record
TN:
SF:models/user.js
FN:5,(anonymous_0)
FN:81,(anonymous_1)
FN:88,(anonymous_2)
FNF:3
FNH:3
FNDA:3,(anonymous_0)
FNDA:9,(anonymous_1)
FNDA:3,(anonymous_2)
DA:3,3
DA:5,3
DA:7,3
DA:82,9
DA:88,3
DA:89,3
DA:90,3
DA:91,3
DA:93,3
LF:9
LH:9
BRF:0
BRH:0
end_of_record
TN:
SF:routes/index.js
FNF:0
FNH:0
DA:1,3
DA:2,3
DA:3,3
DA:4,3
DA:6,3
DA:7,3
DA:8,3
DA:10,3
DA:11,3
DA:13,3
LF:10
LH:10
BRF:0
BRH:0
end_of_record
TN:
SF:routes/pet.js
FNF:0
FNH:0
DA:1,3
DA:2,3
DA:3,3
DA:4,3
DA:6,3
DA:7,3
DA:8,3
DA:9,3
DA:10,3
DA:11,3
DA:13,3
LF:11
LH:11
BRF:0
BRH:0
end_of_record
TN:
SF:routes/thread.js
FNF:0
FNH:0
DA:1,3
DA:2,3
DA:3,3
DA:4,3
DA:6,3
DA:7,3
DA:8,3
DA:9,3
DA:10,3
DA:11,3
DA:12,3
DA:13,3
DA:14,3
DA:16,3
LF:14
LH:14
BRF:0
BRH:0
end_of_record
